<?xml version="1.0" encoding="UTF-8"?>
<testng-results skipped="0" failed="0" total="1" passed="1">
  <reporter-output>
  </reporter-output>
  <suite name="Default suite" duration-ms="20715" started-at="2018-06-24T16:26:34Z" finished-at="2018-06-24T16:26:55Z">
    <groups>
      <group name="cucumber">
        <method signature="AbstractTestNGCucumberTests.feature(cucumber.api.testng.CucumberFeatureWrapper)[pri:0, instance:testrunner.AddItemTestNinjas@91161c7]" name="feature" class="cucumber.api.testng.AbstractTestNGCucumberTests"/>
      </group> <!-- cucumber -->
    </groups>
    <test name="Default test" duration-ms="20715" started-at="2018-06-24T16:26:34Z" finished-at="2018-06-24T16:26:55Z">
      <class name="testrunner.AddItemTestNinjas">
        <test-method status="PASS" signature="setUpClass()[pri:0, instance:testrunner.AddItemTestNinjas@91161c7]" test-instance-name="" name="setUpClass" is-config="true" duration-ms="168" started-at="2018-06-24T12:26:34Z" finished-at="2018-06-24T12:26:34Z">
          <reporter-output>
          </reporter-output>
        </test-method> <!-- setUpClass -->
        <test-method name="feature" test-instance-name="" signature="feature(cucumber.api.testng.CucumberFeatureWrapper)[pri:0, instance:testrunner.AddItemTestNinjas@91161c7]" status="PASS" duration-ms="20227" finished-at="2018-06-24T12:26:55Z" started-at="2018-06-24T12:26:34Z" data-provider="features" description="Runs Cucumber Feature">
          <params>
            <param index="0">
              <value>
                <![CDATA[eCommerce Add Item To Cart]]>
              </value>
            </param>
          </params>
          <reporter-output>
          </reporter-output>
        </test-method> <!-- feature -->
        <test-method status="PASS" signature="writeExtentReport()[pri:0, instance:testrunner.AddItemTestNinjas@91161c7]" test-instance-name="" name="writeExtentReport" is-config="true" duration-ms="11" started-at="2018-06-24T12:26:55Z" finished-at="2018-06-24T12:26:55Z">
          <reporter-output>
          </reporter-output>
        </test-method> <!-- writeExtentReport -->
        <test-method status="PASS" signature="tearDownClass()[pri:0, instance:testrunner.AddItemTestNinjas@91161c7]" test-instance-name="" name="tearDownClass" is-config="true" duration-ms="244" started-at="2018-06-24T12:26:55Z" finished-at="2018-06-24T12:26:55Z">
          <reporter-output>
          </reporter-output>
        </test-method> <!-- tearDownClass -->
      </class> <!-- testrunner.AddItemTestNinjas -->
    </test> <!-- Default test -->
  </suite> <!-- Default suite -->
</testng-results>
