<?xml version="1.0" encoding="UTF-8"?>
<testng-results skipped="0" failed="0" total="1" passed="1">
  <reporter-output>
  </reporter-output>
  <suite name="Default suite" duration-ms="10831" started-at="2018-06-24T17:14:24Z" finished-at="2018-06-24T17:14:35Z">
    <groups>
      <group name="cucumber">
        <method signature="AbstractTestNGCucumberTests.feature(cucumber.api.testng.CucumberFeatureWrapper)[pri:0, instance:testrunner.LogOutTestRunner@604ed9f0]" name="feature" class="cucumber.api.testng.AbstractTestNGCucumberTests"/>
      </group> <!-- cucumber -->
    </groups>
    <test name="Default test" duration-ms="10831" started-at="2018-06-24T17:14:24Z" finished-at="2018-06-24T17:14:35Z">
      <class name="testrunner.LogOutTestRunner">
        <test-method status="PASS" signature="setUpClass()[pri:0, instance:testrunner.LogOutTestRunner@604ed9f0]" test-instance-name="" name="setUpClass" is-config="true" duration-ms="166" started-at="2018-06-24T13:14:24Z" finished-at="2018-06-24T13:14:24Z">
          <reporter-output>
          </reporter-output>
        </test-method> <!-- setUpClass -->
        <test-method name="feature" test-instance-name="" signature="feature(cucumber.api.testng.CucumberFeatureWrapper)[pri:0, instance:testrunner.LogOutTestRunner@604ed9f0]" status="PASS" duration-ms="10350" finished-at="2018-06-24T13:14:35Z" started-at="2018-06-24T13:14:24Z" data-provider="features" description="Runs Cucumber Feature">
          <params>
            <param index="0">
              <value>
                <![CDATA[eCommerce Logoff]]>
              </value>
            </param>
          </params>
          <reporter-output>
          </reporter-output>
        </test-method> <!-- feature -->
        <test-method status="PASS" signature="writeExtentReport()[pri:0, instance:testrunner.LogOutTestRunner@604ed9f0]" test-instance-name="" name="writeExtentReport" is-config="true" duration-ms="13" started-at="2018-06-24T13:14:35Z" finished-at="2018-06-24T13:14:35Z">
          <reporter-output>
          </reporter-output>
        </test-method> <!-- writeExtentReport -->
        <test-method status="PASS" signature="tearDownClass()[pri:0, instance:testrunner.LogOutTestRunner@604ed9f0]" test-instance-name="" name="tearDownClass" is-config="true" duration-ms="238" started-at="2018-06-24T13:14:35Z" finished-at="2018-06-24T13:14:35Z">
          <reporter-output>
          </reporter-output>
        </test-method> <!-- tearDownClass -->
      </class> <!-- testrunner.LogOutTestRunner -->
    </test> <!-- Default test -->
  </suite> <!-- Default suite -->
</testng-results>
